[0.967s] DEBUG:colcon:Command line arguments: ['/usr/bin/colcon', 'list', '-p', '--base-paths', '/home/yuuki/Github/ANAS']
[0.967s] DEBUG:colcon:Parsed command line arguments: Namespace(base_paths=['/home/yuuki/Github/ANAS'], build_base='build', ignore_user_meta=False, log_base=None, log_level=None, main=<bound method ListVerb.main of <colcon_package_information.verb.list.ListVerb object at 0x7fce34dcbbe0>>, metas=['./colcon.meta'], names_only=False, packages_above=None, packages_above_and_dependencies=None, packages_above_depth=None, packages_end=None, packages_ignore=None, packages_ignore_regex=None, packages_select=None, packages_select_build_failed=False, packages_select_by_dep=None, packages_select_regex=None, packages_select_test_failures=False, packages_skip=None, packages_skip_build_finished=False, packages_skip_by_dep=None, packages_skip_regex=None, packages_skip_test_passed=False, packages_skip_up_to=None, packages_start=None, packages_up_to=None, packages_up_to_regex=None, paths=None, paths_only=True, topological_graph=False, topological_graph_density=False, topological_graph_dot=False, topological_graph_dot_cluster=False, topological_graph_dot_include_skipped=False, topological_graph_legend=False, topological_order=False, verb_extension=<colcon_package_information.verb.list.ListVerb object at 0x7fce34dcbbe0>, verb_name='list', verb_parser=<colcon_defaults.argument_parser.defaults.DefaultArgumentsDecorator object at 0x7fce34cc2580>)
[1.108s] Level 1:colcon.colcon_core.package_discovery:discover_packages(colcon_meta) check parameters
[1.110s] Level 1:colcon.colcon_core.package_discovery:discover_packages(recursive) check parameters
[1.111s] Level 1:colcon.colcon_core.package_discovery:discover_packages(ignore) check parameters
[1.111s] Level 1:colcon.colcon_core.package_discovery:discover_packages(path) check parameters
[1.111s] Level 1:colcon.colcon_core.package_discovery:discover_packages(recursive) discover
[1.111s] INFO:colcon.colcon_core.package_discovery:Crawling recursively for packages in '/home/yuuki/Github/ANAS'
[1.112s] Level 1:colcon.colcon_core.package_identification:_identify(/home/yuuki/Github/ANAS) by extensions ['ignore', 'ignore_ament_install']
[1.112s] Level 1:colcon.colcon_core.package_identification:_identify(/home/yuuki/Github/ANAS) by extension 'ignore'
[1.112s] Level 1:colcon.colcon_core.package_identification:_identify(/home/yuuki/Github/ANAS) by extension 'ignore_ament_install'
[1.112s] Level 1:colcon.colcon_core.package_identification:_identify(/home/yuuki/Github/ANAS) by extensions ['colcon_pkg']
[1.112s] Level 1:colcon.colcon_core.package_identification:_identify(/home/yuuki/Github/ANAS) by extension 'colcon_pkg'
[1.112s] Level 1:colcon.colcon_core.package_identification:_identify(/home/yuuki/Github/ANAS) by extensions ['colcon_meta']
[1.112s] Level 1:colcon.colcon_core.package_identification:_identify(/home/yuuki/Github/ANAS) by extension 'colcon_meta'
[1.112s] Level 1:colcon.colcon_core.package_identification:_identify(/home/yuuki/Github/ANAS) by extensions ['ros']
[1.112s] Level 1:colcon.colcon_core.package_identification:_identify(/home/yuuki/Github/ANAS) by extension 'ros'
[1.164s] Level 1:colcon.colcon_core.package_identification:_identify(/home/yuuki/Github/ANAS) by extensions ['cmake', 'python']
[1.166s] Level 1:colcon.colcon_core.package_identification:_identify(/home/yuuki/Github/ANAS) by extension 'cmake'
[1.167s] Level 1:colcon.colcon_core.package_identification:_identify(/home/yuuki/Github/ANAS) by extension 'python'
[1.169s] Level 1:colcon.colcon_core.package_identification:_identify(/home/yuuki/Github/ANAS) by extensions ['python_setup_py']
[1.171s] Level 1:colcon.colcon_core.package_identification:_identify(/home/yuuki/Github/ANAS) by extension 'python_setup_py'
[1.173s] Level 1:colcon.colcon_core.package_identification:_identify(/home/yuuki/Github/ANAS/anas_ai) by extensions ['ignore', 'ignore_ament_install']
[1.176s] Level 1:colcon.colcon_core.package_identification:_identify(/home/yuuki/Github/ANAS/anas_ai) by extension 'ignore'
[1.176s] Level 1:colcon.colcon_core.package_identification:_identify(/home/yuuki/Github/ANAS/anas_ai) by extension 'ignore_ament_install'
[1.176s] Level 1:colcon.colcon_core.package_identification:_identify(/home/yuuki/Github/ANAS/anas_ai) by extensions ['colcon_pkg']
[1.177s] Level 1:colcon.colcon_core.package_identification:_identify(/home/yuuki/Github/ANAS/anas_ai) by extension 'colcon_pkg'
[1.177s] Level 1:colcon.colcon_core.package_identification:_identify(/home/yuuki/Github/ANAS/anas_ai) by extensions ['colcon_meta']
[1.177s] Level 1:colcon.colcon_core.package_identification:_identify(/home/yuuki/Github/ANAS/anas_ai) by extension 'colcon_meta'
[1.177s] Level 1:colcon.colcon_core.package_identification:_identify(/home/yuuki/Github/ANAS/anas_ai) by extensions ['ros']
[1.177s] Level 1:colcon.colcon_core.package_identification:_identify(/home/yuuki/Github/ANAS/anas_ai) by extension 'ros'
[1.196s] DEBUG:colcon.colcon_core.package_identification:Package '/home/yuuki/Github/ANAS/anas_ai' with type 'ros.ament_python' and name 'anas_ai'
[1.198s] Level 1:colcon.colcon_core.package_identification:_identify(/home/yuuki/Github/ANAS/log) by extensions ['ignore', 'ignore_ament_install']
[1.199s] Level 1:colcon.colcon_core.package_identification:_identify(/home/yuuki/Github/ANAS/log) by extension 'ignore'
[1.201s] Level 1:colcon.colcon_core.package_identification:_identify(/home/yuuki/Github/ANAS/log) ignored
[1.202s] Level 1:colcon.colcon_core.package_discovery:discover_packages(recursive) using defaults
